0 info it worked if it ends with ok
1 verbose cli [ '/home/stjepan/.nvm/versions/node/v7.1.0/bin/node',
1 verbose cli   '/home/stjepan/.nvm/versions/node/v7.1.0/bin/npm',
1 verbose cli   'run',
1 verbose cli   'build' ]
2 info using npm@3.10.9
3 info using node@v7.1.0
4 verbose run-script [ 'prebuild', 'build', 'postbuild' ]
5 info lifecycle neural-captcha@0.0.2~prebuild: neural-captcha@0.0.2
6 silly lifecycle neural-captcha@0.0.2~prebuild: no script for prebuild, continuing
7 info lifecycle neural-captcha@0.0.2~build: neural-captcha@0.0.2
8 verbose lifecycle neural-captcha@0.0.2~build: unsafe-perm in lifecycle true
9 verbose lifecycle neural-captcha@0.0.2~build: PATH: /home/stjepan/.nvm/versions/node/v7.1.0/lib/node_modules/npm/bin/node-gyp-bin:/home/stjepan/Development/neural-captcha/node_modules/.bin:/home/stjepan/.nvm/versions/node/v7.1.0/bin:/home/stjepan/bin:/home/stjepan/.local/bin:/usr/local/sbin:/usr/local/bin:/usr/sbin:/usr/bin:/sbin:/bin:/usr/games:/usr/local/games:/snap/bin
10 verbose lifecycle neural-captcha@0.0.2~build: CWD: /home/stjepan/Development/neural-captcha
11 silly lifecycle neural-captcha@0.0.2~build: Args: [ '-c',
11 silly lifecycle   'node src/network.js && browserify gen/unbundled-network.js -o gen/neural-pretty-bundle.js && uglifyjs gen/neural-pretty-bundle.js -o  gen/neural-network-bundle.js' ]
12 silly lifecycle neural-captcha@0.0.2~build: Returned: code: 1  signal: null
13 info lifecycle neural-captcha@0.0.2~build: Failed to exec build script
14 verbose stack Error: neural-captcha@0.0.2 build: `node src/network.js && browserify gen/unbundled-network.js -o gen/neural-pretty-bundle.js && uglifyjs gen/neural-pretty-bundle.js -o  gen/neural-network-bundle.js`
14 verbose stack Exit status 1
14 verbose stack     at EventEmitter.<anonymous> (/home/stjepan/.nvm/versions/node/v7.1.0/lib/node_modules/npm/lib/utils/lifecycle.js:255:16)
14 verbose stack     at emitTwo (events.js:106:13)
14 verbose stack     at EventEmitter.emit (events.js:191:7)
14 verbose stack     at ChildProcess.<anonymous> (/home/stjepan/.nvm/versions/node/v7.1.0/lib/node_modules/npm/lib/utils/spawn.js:40:14)
14 verbose stack     at emitTwo (events.js:106:13)
14 verbose stack     at ChildProcess.emit (events.js:191:7)
14 verbose stack     at maybeClose (internal/child_process.js:885:16)
14 verbose stack     at Process.ChildProcess._handle.onexit (internal/child_process.js:226:5)
15 verbose pkgid neural-captcha@0.0.2
16 verbose cwd /home/stjepan/Development/neural-captcha
17 error Linux 4.8.0-27-generic
18 error argv "/home/stjepan/.nvm/versions/node/v7.1.0/bin/node" "/home/stjepan/.nvm/versions/node/v7.1.0/bin/npm" "run" "build"
19 error node v7.1.0
20 error npm  v3.10.9
21 error code ELIFECYCLE
22 error neural-captcha@0.0.2 build: `node src/network.js && browserify gen/unbundled-network.js -o gen/neural-pretty-bundle.js && uglifyjs gen/neural-pretty-bundle.js -o  gen/neural-network-bundle.js`
22 error Exit status 1
23 error Failed at the neural-captcha@0.0.2 build script 'node src/network.js && browserify gen/unbundled-network.js -o gen/neural-pretty-bundle.js && uglifyjs gen/neural-pretty-bundle.js -o  gen/neural-network-bundle.js'.
23 error Make sure you have the latest version of node.js and npm installed.
23 error If you do, this is most likely a problem with the neural-captcha package,
23 error not with npm itself.
23 error Tell the author that this fails on your system:
23 error     node src/network.js && browserify gen/unbundled-network.js -o gen/neural-pretty-bundle.js && uglifyjs gen/neural-pretty-bundle.js -o  gen/neural-network-bundle.js
23 error You can get information on how to open an issue for this project with:
23 error     npm bugs neural-captcha
23 error Or if that isn't available, you can get their info via:
23 error     npm owner ls neural-captcha
23 error There is likely additional logging output above.
24 verbose exit [ 1, true ]
